生成启动时间为 2017/1/9 16:29:16。
     1>项目“E:\GitHub\TCPIPPMod_Win\WebServWin\WebServWin.vcxproj”在节点 2 上(build 个目标)。
     1>InitializeBuildStatus:
         正在创建“Debug\WebServWin.unsuccessfulbuild”，因为已指定“AlwaysCreate”。
       ClCompile:
         D:\Program Files (x86)\Microsoft Visual Studio 10.0\VC\bin\CL.exe /c /ZI /nologo /W3 /WX- /Od /Oy- /D WIN32 /D _DEBUG /D _CONSOLE /D _UNICODE /D UNICODE /Gm /EHsc /RTC1 /MDd /GS /fp:precise /Zc:wchar_t /Zc:forScope /Fo"Debug\\" /Fd"Debug\vc100.pdb" /Gd /TC /analyze- /errorReport:prompt WebServWin.c
         WebServWin.c
     1>e:\github\tcpippmod_win\webservwin\webservwin.c(86): warning C4996: 'strcpy': This function or variable may be unsafe. Consider using strcpy_s instead. To disable deprecation, use _CRT_SECURE_NO_WARNINGS. See online help for details.
                 d:\program files (x86)\microsoft visual studio 10.0\vc\include\string.h(105) : 参见“strcpy”的声明
     1>e:\github\tcpippmod_win\webservwin\webservwin.c(86): warning C4996: 'strtok': This function or variable may be unsafe. Consider using strtok_s instead. To disable deprecation, use _CRT_SECURE_NO_WARNINGS. See online help for details.
                 d:\program files (x86)\microsoft visual studio 10.0\vc\include\string.h(197) : 参见“strtok”的声明
     1>e:\github\tcpippmod_win\webservwin\webservwin.c(91): warning C4996: 'strcpy': This function or variable may be unsafe. Consider using strcpy_s instead. To disable deprecation, use _CRT_SECURE_NO_WARNINGS. See online help for details.
                 d:\program files (x86)\microsoft visual studio 10.0\vc\include\string.h(105) : 参见“strcpy”的声明
     1>e:\github\tcpippmod_win\webservwin\webservwin.c(92): warning C4996: 'strcpy': This function or variable may be unsafe. Consider using strcpy_s instead. To disable deprecation, use _CRT_SECURE_NO_WARNINGS. See online help for details.
                 d:\program files (x86)\microsoft visual studio 10.0\vc\include\string.h(105) : 参见“strcpy”的声明
     1>e:\github\tcpippmod_win\webservwin\webservwin.c(104): warning C4996: 'sprintf': This function or variable may be unsafe. Consider using sprintf_s instead. To disable deprecation, use _CRT_SECURE_NO_WARNINGS. See online help for details.
                 d:\program files (x86)\microsoft visual studio 10.0\vc\include\stdio.h(371) : 参见“sprintf”的声明
     1>e:\github\tcpippmod_win\webservwin\webservwin.c(106): warning C4996: 'fopen': This function or variable may be unsafe. Consider using fopen_s instead. To disable deprecation, use _CRT_SECURE_NO_WARNINGS. See online help for details.
                 d:\program files (x86)\microsoft visual studio 10.0\vc\include\stdio.h(234) : 参见“fopen”的声明
     1>e:\github\tcpippmod_win\webservwin\webservwin.c(146): warning C4996: 'strcpy': This function or variable may be unsafe. Consider using strcpy_s instead. To disable deprecation, use _CRT_SECURE_NO_WARNINGS. See online help for details.
                 d:\program files (x86)\microsoft visual studio 10.0\vc\include\string.h(105) : 参见“strcpy”的声明
     1>e:\github\tcpippmod_win\webservwin\webservwin.c(147): warning C4996: 'strtok': This function or variable may be unsafe. Consider using strtok_s instead. To disable deprecation, use _CRT_SECURE_NO_WARNINGS. See online help for details.
                 d:\program files (x86)\microsoft visual studio 10.0\vc\include\string.h(197) : 参见“strtok”的声明
     1>e:\github\tcpippmod_win\webservwin\webservwin.c(148): warning C4996: 'strcpy': This function or variable may be unsafe. Consider using strcpy_s instead. To disable deprecation, use _CRT_SECURE_NO_WARNINGS. See online help for details.
                 d:\program files (x86)\microsoft visual studio 10.0\vc\include\string.h(105) : 参见“strcpy”的声明
     1>e:\github\tcpippmod_win\webservwin\webservwin.c(158): warning C4129: “c”: 不可识别的字符转义序列
     1>e:\github\tcpippmod_win\webservwin\webservwin.c(94): warning C4715: “RequestHandler”: 不是所有的控件路径都返回值
       ManifestResourceCompile:
         C:\Program Files (x86)\Microsoft SDKs\Windows\v7.0A\bin\rc.exe /nologo /fo"Debug\WebServWin.exe.embed.manifest.res" Debug\WebServWin_manifest.rc 
       Link:
         D:\Program Files (x86)\Microsoft Visual Studio 10.0\VC\bin\link.exe /ERRORREPORT:PROMPT /OUT:"E:\GitHub\TCPIPPMod_Win\WebServWin\Debug\WebServWin.exe" /INCREMENTAL /NOLOGO kernel32.lib user32.lib gdi32.lib winspool.lib comdlg32.lib advapi32.lib shell32.lib ole32.lib oleaut32.lib uuid.lib odbc32.lib odbccp32.lib /MANIFEST /ManifestFile:"Debug\WebServWin.exe.intermediate.manifest" /MANIFESTUAC:"level='asInvoker' uiAccess='false'" /DEBUG /PDB:"E:\GitHub\TCPIPPMod_Win\WebServWin\Debug\WebServWin.pdb" /SUBSYSTEM:CONSOLE /TLBID:1 /DYNAMICBASE /NXCOMPAT /IMPLIB:"E:\GitHub\TCPIPPMod_Win\WebServWin\Debug\WebServWin.lib" /MACHINE:X86 Debug\WebServWin.exe.embed.manifest.res
         Debug\WebServWin.obj
       Manifest:
         C:\Program Files (x86)\Microsoft SDKs\Windows\v7.0A\bin\mt.exe /nologo /verbose /out:"Debug\WebServWin.exe.embed.manifest" /manifest Debug\WebServWin.exe.intermediate.manifest
         C:\Program Files (x86)\Microsoft SDKs\Windows\v7.0A\bin\rc.exe /nologo /fo"Debug\WebServWin.exe.embed.manifest.res" Debug\WebServWin_manifest.rc 
       LinkEmbedManifest:
         D:\Program Files (x86)\Microsoft Visual Studio 10.0\VC\bin\link.exe /ERRORREPORT:PROMPT /OUT:"E:\GitHub\TCPIPPMod_Win\WebServWin\Debug\WebServWin.exe" /INCREMENTAL /NOLOGO kernel32.lib user32.lib gdi32.lib winspool.lib comdlg32.lib advapi32.lib shell32.lib ole32.lib oleaut32.lib uuid.lib odbc32.lib odbccp32.lib /MANIFEST /ManifestFile:"Debug\WebServWin.exe.intermediate.manifest" /MANIFESTUAC:"level='asInvoker' uiAccess='false'" /DEBUG /PDB:"E:\GitHub\TCPIPPMod_Win\WebServWin\Debug\WebServWin.pdb" /SUBSYSTEM:CONSOLE /TLBID:1 /DYNAMICBASE /NXCOMPAT /IMPLIB:"E:\GitHub\TCPIPPMod_Win\WebServWin\Debug\WebServWin.lib" /MACHINE:X86 Debug\WebServWin.exe.embed.manifest.res
         Debug\WebServWin.obj
         WebServWin.vcxproj -> E:\GitHub\TCPIPPMod_Win\WebServWin\Debug\WebServWin.exe
       FinalizeBuildStatus:
         正在删除文件“Debug\WebServWin.unsuccessfulbuild”。
         正在对“Debug\WebServWin.lastbuildstate”执行 Touch 任务。
     1>已完成生成项目“E:\GitHub\TCPIPPMod_Win\WebServWin\WebServWin.vcxproj”(build 个目标)的操作。

生成成功。

已用时间 00:00:04.82
